<?xml version="1.0" encoding="UTF-8"?>
<!-- Generated by org.testng.reporters.JUnitXMLReporter -->
<testsuite hostname="LAPTOP-U6N7CFLI" ignored="0" name="Test" tests="3" failures="3" timestamp="21 Sep 2017 20:53:11 GMT" time="0.1" errors="0">
  <testcase name="HomePage" time="0.023" classname="MeridianPackage.loginPageTestCases">
    <failure type="java.lang.Error" message="Unresolved compilation problems: 
	HomePage cannot be resolved to a type
	HomePage cannot be resolved to a type
">
      <![CDATA[java.lang.Error: Unresolved compilation problems: 
	HomePage cannot be resolved to a type
	HomePage cannot be resolved to a type

	at MeridianPackage.loginPageTestCases.HomePage(loginPageTestCases.java:62)
... Removed 25 stack frames]]>
    </failure>
  </testcase> <!-- HomePage -->
  <testcase name="TestCase1_AccessoriesBlender" time="0.002" classname="MeridianPackage.loginPageTestCases">
    <failure type="java.lang.Error" message="Unresolved compilation problems: 
	AwardsCentralHomePage cannot be resolved to a type
	AwardsCentralHomePage cannot be resolved to a type
	Blenders cannot be resolved to a type
	Blenders cannot be resolved to a type
">
      <![CDATA[java.lang.Error: Unresolved compilation problems: 
	AwardsCentralHomePage cannot be resolved to a type
	AwardsCentralHomePage cannot be resolved to a type
	Blenders cannot be resolved to a type
	Blenders cannot be resolved to a type

	at MeridianPackage.loginPageTestCases.TestCase1_AccessoriesBlender(loginPageTestCases.java:73)
... Removed 25 stack frames]]>
    </failure>
  </testcase> <!-- TestCase1_AccessoriesBlender -->
  <testcase name="loginTestCases" time="0.002" classname="MeridianPackage.loginPageTestCases">
    <failure type="java.lang.Error" message="Unresolved compilation problems: 
	loginPage cannot be resolved to a type
	loginPage cannot be resolved to a type
">
      <![CDATA[java.lang.Error: Unresolved compilation problems: 
	loginPage cannot be resolved to a type
	loginPage cannot be resolved to a type

	at MeridianPackage.loginPageTestCases.loginTestCases(loginPageTestCases.java:52)
... Removed 25 stack frames]]>
    </failure>
  </testcase> <!-- loginTestCases -->
</testsuite> <!-- Test -->
